# JRE version: OpenJDK Runtime Environment (11.0.13) (build 11.0.13+0-b1751.21-8125866)
# Java VM: OpenJDK 64-Bit Server VM (11.0.13+0-b1751.21-8125866, mixed mode, tiered, compressed oops, g1 gc, windows-amd64)
Heap:
 garbage-first heap   total 362496K, used 157533K [0x0000000080000000, 0x0000000100000000)
  region size 1024K, 21 young (21504K), 2 survivors (2048K)
 Metaspace       used 139355K, capacity 144588K, committed 144988K, reserved 1175552K
  class space    used 16602K, capacity 18500K, committed 18636K, reserved 1048576K
GC Heap History (20 events):
Event: 2119.745 GC heap before
{Heap before GC invocations=225 (full 0):
 garbage-first heap   total 637952K, used 240459K [0x0000000080000000, 0x0000000100000000)
  region size 1024K, 31 young (31744K), 25 survivors (25600K)
 Metaspace       used 139236K, capacity 144515K, committed 144988K, reserved 1175552K
  class space    used 16602K, capacity 18499K, committed 18636K, reserved 1048576K
}
Event: 2119.818 GC heap after
{Heap after GC invocations=226 (full 0):
 garbage-first heap   total 637952K, used 220672K [0x0000000080000000, 0x0000000100000000)
  region size 1024K, 3 young (3072K), 3 survivors (3072K)
 Metaspace       used 139236K, capacity 144515K, committed 144988K, reserved 1175552K
  class space    used 16602K, capacity 18499K, committed 18636K, reserved 1048576K
}
Event: 2119.961 GC heap before
{Heap before GC invocations=226 (full 0):
 garbage-first heap   total 637952K, used 273920K [0x0000000080000000, 0x0000000100000000)
  region size 1024K, 56 young (57344K), 3 survivors (3072K)
 Metaspace       used 139238K, capacity 144515K, committed 144988K, reserved 1175552K
  class space    used 16602K, capacity 18499K, committed 18636K, reserved 1048576K
}
Event: 2119.975 GC heap after
{Heap after GC invocations=227 (full 0):
 garbage-first heap   total 637952K, used 226175K [0x0000000080000000, 0x0000000100000000)
  region size 1024K, 8 young (8192K), 8 survivors (8192K)
 Metaspace       used 139238K, capacity 144515K, committed 144988K, reserved 1175552K
  class space    used 16602K, capacity 18499K, committed 18636K, reserved 1048576K
}
Event: 2120.992 GC heap before
{Heap before GC invocations=228 (full 0):
 garbage-first heap   total 637952K, used 386943K [0x0000000080000000, 0x0000000100000000)
  region size 1024K, 135 young (138240K), 8 survivors (8192K)
 Metaspace       used 139239K, capacity 144515K, committed 144988K, reserved 1175552K
  class space    used 16602K, capacity 18499K, committed 18636K, reserved 1048576K
}
Event: 2121.036 GC heap after
{Heap after GC invocations=229 (full 0):
 garbage-first heap   total 637952K, used 259264K [0x0000000080000000, 0x0000000100000000)
  region size 1024K, 17 young (17408K), 17 survivors (17408K)
 Metaspace       used 139239K, capacity 144515K, committed 144988K, reserved 1175552K
  class space    used 16602K, capacity 18499K, committed 18636K, reserved 1048576K
}
Event: 2121.052 GC heap before
{Heap before GC invocations=229 (full 0):
 garbage-first heap   total 637952K, used 273600K [0x0000000080000000, 0x0000000100000000)
  region size 1024K, 31 young (31744K), 17 survivors (17408K)
 Metaspace       used 139239K, capacity 144515K, committed 144988K, reserved 1175552K
  class space    used 16602K, capacity 18499K, committed 18636K, reserved 1048576K
}
Event: 2121.103 GC heap after
{Heap after GC invocations=230 (full 0):
 garbage-first heap   total 637952K, used 262357K [0x0000000080000000, 0x0000000100000000)
  region size 1024K, 4 young (4096K), 4 survivors (4096K)
 Metaspace       used 139239K, capacity 144515K, committed 144988K, reserved 1175552K
  class space    used 16602K, capacity 18499K, committed 18636K, reserved 1048576K
}
Event: 2121.125 GC heap before
{Heap before GC invocations=230 (full 0):
 garbage-first heap   total 637952K, used 284885K [0x0000000080000000, 0x0000000100000000)
  region size 1024K, 27 young (27648K), 4 survivors (4096K)
 Metaspace       used 139239K, capacity 144515K, committed 144988K, reserved 1175552K
  class space    used 16602K, capacity 18499K, committed 18636K, reserved 1048576K
}
Event: 2121.137 GC heap after
{Heap after GC invocations=231 (full 0):
 garbage-first heap   total 637952K, used 266065K [0x0000000080000000, 0x0000000100000000)
  region size 1024K, 8 young (8192K), 8 survivors (8192K)
 Metaspace       used 139239K, capacity 144515K, committed 144988K, reserved 1175552K
  class space    used 16602K, capacity 18499K, committed 18636K, reserved 1048576K
}
Event: 2123.881 GC heap before
{Heap before GC invocations=232 (full 0):
 garbage-first heap   total 637952K, used 469841K [0x0000000080000000, 0x0000000100000000)
  region size 1024K, 191 young (195584K), 8 survivors (8192K)
 Metaspace       used 139275K, capacity 144516K, committed 144988K, reserved 1175552K
  class space    used 16602K, capacity 18499K, committed 18636K, reserved 1048576K
}
Event: 2123.895 GC heap after
{Heap after GC invocations=233 (full 0):
 garbage-first heap   total 637952K, used 278737K [0x0000000080000000, 0x0000000100000000)
  region size 1024K, 16 young (16384K), 16 survivors (16384K)
 Metaspace       used 139275K, capacity 144516K, committed 144988K, reserved 1175552K
  class space    used 16602K, capacity 18499K, committed 18636K, reserved 1048576K
}
Event: 2123.934 GC heap before
{Heap before GC invocations=233 (full 0):
 garbage-first heap   total 637952K, used 293073K [0x0000000080000000, 0x0000000100000000)
  region size 1024K, 31 young (31744K), 16 survivors (16384K)
 Metaspace       used 139276K, capacity 144516K, committed 144988K, reserved 1175552K
  class space    used 16602K, capacity 18499K, committed 18636K, reserved 1048576K
}
Event: 2123.976 GC heap after
{Heap after GC invocations=234 (full 0):
 garbage-first heap   total 637952K, used 274379K [0x0000000080000000, 0x0000000100000000)
  region size 1024K, 4 young (4096K), 4 survivors (4096K)
 Metaspace       used 139276K, capacity 144516K, committed 144988K, reserved 1175552K
  class space    used 16602K, capacity 18499K, committed 18636K, reserved 1048576K
}
Event: 2124.269 GC heap before
{Heap before GC invocations=234 (full 0):
 garbage-first heap   total 637952K, used 351179K [0x0000000080000000, 0x0000000100000000)
  region size 1024K, 81 young (82944K), 4 survivors (4096K)
 Metaspace       used 139276K, capacity 144516K, committed 144988K, reserved 1175552K
  class space    used 16602K, capacity 18499K, committed 18636K, reserved 1048576K
}
Event: 2124.292 GC heap after
{Heap after GC invocations=235 (full 0):
 garbage-first heap   total 637952K, used 281803K [0x0000000080000000, 0x0000000100000000)
  region size 1024K, 12 young (12288K), 12 survivors (12288K)
 Metaspace       used 139276K, capacity 144516K, committed 144988K, reserved 1175552K
  class space    used 16602K, capacity 18499K, committed 18636K, reserved 1048576K
}
Event: 2155.341 GC heap before
{Heap before GC invocations=236 (full 0):
 garbage-first heap   total 637952K, used 409803K [0x0000000080000000, 0x0000000100000000)
  region size 1024K, 197 young (201728K), 12 survivors (12288K)
 Metaspace       used 139354K, capacity 144588K, committed 144988K, reserved 1175552K
  class space    used 16602K, capacity 18500K, committed 18636K, reserved 1048576K
}
Event: 2155.606 GC heap after
{Heap after GC invocations=237 (full 1):
 garbage-first heap   total 362496K, used 104870K [0x0000000080000000, 0x0000000100000000)
  region size 1024K, 0 young (0K), 0 survivors (0K)
 Metaspace       used 139354K, capacity 144588K, committed 144988K, reserved 1175552K
  class space    used 16602K, capacity 18500K, committed 18636K, reserved 1048576K
}
Event: 2155.615 GC heap before
{Heap before GC invocations=237 (full 1):
 garbage-first heap   total 362496K, used 104870K [0x0000000080000000, 0x0000000100000000)
  region size 1024K, 1 young (1024K), 0 survivors (0K)
 Metaspace       used 139354K, capacity 144588K, committed 144988K, reserved 1175552K
  class space    used 16602K, capacity 18500K, committed 18636K, reserved 1048576K
}
Event: 2155.618 GC heap after
{Heap after GC invocations=238 (full 1):
 garbage-first heap   total 362496K, used 106333K [0x0000000080000000, 0x0000000100000000)
  region size 1024K, 2 young (2048K), 2 survivors (2048K)
 Metaspace       used 139354K, capacity 144588K, committed 144988K, reserved 1175552K
  class space    used 16602K, capacity 18500K, committed 18636K, reserved 1048576K
}

