# JRE version: OpenJDK Runtime Environment (11.0.13) (build 11.0.13+0-b1751.21-8125866)
# Java VM: OpenJDK 64-Bit Server VM (11.0.13+0-b1751.21-8125866, mixed mode, tiered, compressed oops, g1 gc, windows-amd64)
Heap:
 garbage-first heap   total 521216K, used 273235K [0x0000000080000000, 0x0000000100000000)
  region size 1024K, 6 young (6144K), 3 survivors (3072K)
 Metaspace       used 109592K, capacity 112599K, committed 112732K, reserved 1146880K
  class space    used 14121K, capacity 15289K, committed 15308K, reserved 1048576K
GC Heap History (20 events):
Event: 18.872 GC heap before
{Heap before GC invocations=34 (full 0):
 garbage-first heap   total 338944K, used 243200K [0x0000000080000000, 0x0000000100000000)
  region size 1024K, 52 young (53248K), 2 survivors (2048K)
 Metaspace       used 98757K, capacity 101293K, committed 101596K, reserved 1136640K
  class space    used 12832K, capacity 13783K, committed 13900K, reserved 1048576K
}
Event: 18.939 GC heap after
{Heap after GC invocations=35 (full 0):
 garbage-first heap   total 338944K, used 216454K [0x0000000080000000, 0x0000000100000000)
  region size 1024K, 7 young (7168K), 7 survivors (7168K)
 Metaspace       used 98757K, capacity 101293K, committed 101596K, reserved 1136640K
  class space    used 12832K, capacity 13783K, committed 13900K, reserved 1048576K
}
Event: 19.485 GC heap before
{Heap before GC invocations=35 (full 0):
 garbage-first heap   total 338944K, used 257414K [0x0000000080000000, 0x0000000100000000)
  region size 1024K, 47 young (48128K), 7 survivors (7168K)
 Metaspace       used 100062K, capacity 102760K, committed 103132K, reserved 1138688K
  class space    used 13016K, capacity 14035K, committed 14156K, reserved 1048576K
}
Event: 19.527 GC heap after
{Heap after GC invocations=36 (full 0):
 garbage-first heap   total 338944K, used 222270K [0x0000000080000000, 0x0000000100000000)
  region size 1024K, 5 young (5120K), 5 survivors (5120K)
 Metaspace       used 100062K, capacity 102760K, committed 103132K, reserved 1138688K
  class space    used 13016K, capacity 14035K, committed 14156K, reserved 1048576K
}
Event: 20.058 GC heap before
{Heap before GC invocations=36 (full 0):
 garbage-first heap   total 338944K, used 262206K [0x0000000080000000, 0x0000000100000000)
  region size 1024K, 45 young (46080K), 5 survivors (5120K)
 Metaspace       used 100782K, capacity 103540K, committed 103772K, reserved 1138688K
  class space    used 13096K, capacity 14156K, committed 14284K, reserved 1048576K
}
Event: 20.069 GC heap after
{Heap after GC invocations=37 (full 0):
 garbage-first heap   total 338944K, used 225942K [0x0000000080000000, 0x0000000100000000)
  region size 1024K, 5 young (5120K), 5 survivors (5120K)
 Metaspace       used 100782K, capacity 103540K, committed 103772K, reserved 1138688K
  class space    used 13096K, capacity 14156K, committed 14284K, reserved 1048576K
}
Event: 20.774 GC heap before
{Heap before GC invocations=38 (full 0):
 garbage-first heap   total 338944K, used 261782K [0x0000000080000000, 0x0000000100000000)
  region size 1024K, 46 young (47104K), 5 survivors (5120K)
 Metaspace       used 100774K, capacity 103495K, committed 103772K, reserved 1138688K
  class space    used 13086K, capacity 14137K, committed 14284K, reserved 1048576K
}
Event: 20.788 GC heap after
{Heap after GC invocations=39 (full 0):
 garbage-first heap   total 338944K, used 222455K [0x0000000080000000, 0x0000000100000000)
  region size 1024K, 3 young (3072K), 3 survivors (3072K)
 Metaspace       used 100774K, capacity 103495K, committed 103772K, reserved 1138688K
  class space    used 13086K, capacity 14137K, committed 14284K, reserved 1048576K
}
Event: 20.922 GC heap before
{Heap before GC invocations=39 (full 0):
 garbage-first heap   total 338944K, used 235767K [0x0000000080000000, 0x0000000100000000)
  region size 1024K, 16 young (16384K), 3 survivors (3072K)
 Metaspace       used 100872K, capacity 103649K, committed 104028K, reserved 1138688K
  class space    used 13097K, capacity 14145K, committed 14284K, reserved 1048576K
}
Event: 20.934 GC heap after
{Heap after GC invocations=40 (full 0):
 garbage-first heap   total 338944K, used 219731K [0x0000000080000000, 0x0000000100000000)
  region size 1024K, 2 young (2048K), 2 survivors (2048K)
 Metaspace       used 100872K, capacity 103649K, committed 104028K, reserved 1138688K
  class space    used 13097K, capacity 14145K, committed 14284K, reserved 1048576K
}
Event: 21.108 GC heap before
{Heap before GC invocations=40 (full 0):
 garbage-first heap   total 338944K, used 226899K [0x0000000080000000, 0x0000000100000000)
  region size 1024K, 11 young (11264K), 2 survivors (2048K)
 Metaspace       used 101019K, capacity 103766K, committed 104028K, reserved 1138688K
  class space    used 13114K, capacity 14159K, committed 14284K, reserved 1048576K
}
Event: 21.118 GC heap after
{Heap after GC invocations=41 (full 0):
 garbage-first heap   total 521216K, used 220612K [0x0000000080000000, 0x0000000100000000)
  region size 1024K, 3 young (3072K), 3 survivors (3072K)
 Metaspace       used 101019K, capacity 103766K, committed 104028K, reserved 1138688K
  class space    used 13114K, capacity 14159K, committed 14284K, reserved 1048576K
}
Event: 22.119 GC heap before
{Heap before GC invocations=42 (full 0):
 garbage-first heap   total 521216K, used 313796K [0x0000000080000000, 0x0000000100000000)
  region size 1024K, 80 young (81920K), 3 survivors (3072K)
 Metaspace       used 101606K, capacity 104443K, committed 104540K, reserved 1140736K
  class space    used 13169K, capacity 14230K, committed 14284K, reserved 1048576K
}
Event: 22.147 GC heap after
{Heap after GC invocations=43 (full 0):
 garbage-first heap   total 521216K, used 242589K [0x0000000080000000, 0x0000000100000000)
  region size 1024K, 9 young (9216K), 9 survivors (9216K)
 Metaspace       used 101606K, capacity 104443K, committed 104540K, reserved 1140736K
  class space    used 13169K, capacity 14230K, committed 14284K, reserved 1048576K
}
Event: 22.946 GC heap before
{Heap before GC invocations=43 (full 0):
 garbage-first heap   total 521216K, used 370589K [0x0000000080000000, 0x0000000100000000)
  region size 1024K, 114 young (116736K), 9 survivors (9216K)
 Metaspace       used 102771K, capacity 105572K, committed 105692K, reserved 1140736K
  class space    used 13291K, capacity 14377K, committed 14412K, reserved 1048576K
}
Event: 22.973 GC heap after
{Heap after GC invocations=44 (full 0):
 garbage-first heap   total 521216K, used 273006K [0x0000000080000000, 0x0000000100000000)
  region size 1024K, 15 young (15360K), 15 survivors (15360K)
 Metaspace       used 102771K, capacity 105572K, committed 105692K, reserved 1140736K
  class space    used 13291K, capacity 14377K, committed 14412K, reserved 1048576K
}
Event: 23.850 GC heap before
{Heap before GC invocations=45 (full 0):
 garbage-first heap   total 521216K, used 378478K [0x0000000080000000, 0x0000000100000000)
  region size 1024K, 119 young (121856K), 15 survivors (15360K)
 Metaspace       used 103566K, capacity 106450K, committed 106588K, reserved 1140736K
  class space    used 13377K, capacity 14475K, committed 14540K, reserved 1048576K
}
Event: 23.868 GC heap after
{Heap after GC invocations=46 (full 0):
 garbage-first heap   total 521216K, used 268115K [0x0000000080000000, 0x0000000100000000)
  region size 1024K, 2 young (2048K), 2 survivors (2048K)
 Metaspace       used 103566K, capacity 106450K, committed 106588K, reserved 1140736K
  class space    used 13377K, capacity 14475K, committed 14540K, reserved 1048576K
}
Event: 24.502 GC heap before
{Heap before GC invocations=46 (full 0):
 garbage-first heap   total 521216K, used 298835K [0x0000000080000000, 0x0000000100000000)
  region size 1024K, 34 young (34816K), 2 survivors (2048K)
 Metaspace       used 109555K, capacity 112596K, committed 112732K, reserved 1146880K
  class space    used 14120K, capacity 15288K, committed 15308K, reserved 1048576K
}
Event: 24.516 GC heap after
{Heap after GC invocations=47 (full 0):
 garbage-first heap   total 521216K, used 269139K [0x0000000080000000, 0x0000000100000000)
  region size 1024K, 3 young (3072K), 3 survivors (3072K)
 Metaspace       used 109555K, capacity 112596K, committed 112732K, reserved 1146880K
  class space    used 14120K, capacity 15288K, committed 15308K, reserved 1048576K
}

